[2024-08-21T10:57:27.062411+00:00] application_logger.ERROR: Метод не существет в контроллере Geekbrains\Application1\Domain\Controllers\UserControllerПопытка перейти по адресу /user/some [] []
[2024-08-21T11:10:32.266430+00:00] application_logger.ERROR: Метод не существет в контроллере Geekbrains\Application1\Domain\Controllers\UserControllerПопытка перейти по адресу /user/some [] []
[2024-08-21T11:10:32.302864+00:00] application_logger.ERROR: Потреблено 1036880байт памяти [] []
[2024-08-21T11:13:42.390378+00:00] application_logger.ERROR: Метод не существет в контроллере Geekbrains\Application1\Domain\Controllers\UserControllerПопытка перейти по адресу /user/some [] []
[2024-08-21T11:13:42.420990+00:00] application_logger.ERROR: Потреблено 0байт памяти [] []
[2024-08-21T11:13:56.824682+00:00] application_logger.ERROR: Метод не существет в контроллере Geekbrains\Application1\Domain\Controllers\UserControllerПопытка перейти по адресу /user/some [] []
[2024-08-21T11:13:56.855049+00:00] application_logger.ERROR: Потреблено 651872байт памяти [] []
[2024-08-21T11:14:18.822079+00:00] application_logger.ERROR: Потреблено 2453672байт памяти [] []
[2024-08-21T11:21:11.579763+00:00] application_logger.ERROR: Потреблено 2285320байт памяти для методаactionIndexи контроллераGeekbrains\Application1\Domain\Controllers\PageController [] []
[2024-08-21T11:21:46.634318+00:00] application_logger.ERROR: Потреблено 2454392байт памяти для метода actionIndexи контроллера Geekbrains\Application1\Domain\Controllers\UserController [] []
[2024-08-21T11:36:11.913262+00:00] application_logger.ERROR: Потреблено 2.179573059082Мбайт памяти для метода actionIndexи контроллера Geekbrains\Application1\Domain\Controllers\PageController [] []
[2024-08-21T11:40:39.420529+00:00] application_logger.ERROR: Потреблено 2.179557800293Мбайт памяти для метода actionIndexи контроллера Geekbrains\Application1\Domain\Controllers\PageController [] []
[2024-08-21T11:40:42.062603+00:00] application_logger.ERROR: Потреблено 2.1794357299805Мбайт памяти для метода actionIndexи контроллера Geekbrains\Application1\Domain\Controllers\PageController [] []
[2024-08-21T11:56:34.206236+00:00] application_logger.ERROR: Потреблено 2.1793060302734Мбайт памяти для метода actionIndexи контроллера Geekbrains\Application1\Domain\Controllers\PageController [] []
[2024-08-21T11:56:45.842833+00:00] application_logger.ERROR: Потреблено 2.1794281005859Мбайт памяти для метода actionIndexи контроллера Geekbrains\Application1\Domain\Controllers\PageController [] []
[2024-08-21T11:58:42.273130+00:00] application_logger.ERROR: Потреблено 2.1794281005859Мбайт памяти для метода actionIndexи контроллера Geekbrains\Application1\Domain\Controllers\PageController [] []
[2024-08-21T11:58:43.698956+00:00] application_logger.ERROR: Потреблено 2.1794662475586Мбайт памяти для метода actionIndexи контроллера Geekbrains\Application1\Domain\Controllers\PageController [] []
[2024-08-21T12:00:34.888686+00:00] application_logger.ERROR: Потреблено 2.1795883178711Мбайт памяти для метода actionIndexи контроллера Geekbrains\Application1\Domain\Controllers\PageController [] []
[2024-08-21T12:02:52.480622+00:00] application_logger.ERROR: Потреблено 2.1795883178711Мбайт памяти для метода actionIndexи контроллера Geekbrains\Application1\Domain\Controllers\PageController [] []
[2024-08-21T12:03:02.155216+00:00] application_logger.ERROR: Потреблено 2.1793365478516Мбайт памяти для метода actionIndexи контроллера Geekbrains\Application1\Domain\Controllers\PageController [] []
[2024-08-21T12:04:23.942323+00:00] application_logger.ERROR: Потреблено 2.1794586181641Мбайт памяти для метода actionIndexи контроллера Geekbrains\Application1\Domain\Controllers\PageController [] []
[2024-08-21T12:04:52.208427+00:00] application_logger.ERROR: Потреблено 2.1794586181641Мбайт памяти для метода actionIndexи контроллера Geekbrains\Application1\Domain\Controllers\PageController [] []
[2024-08-21T12:04:58.796055+00:00] application_logger.ERROR: Потреблено 2.1794586181641Мбайт памяти для метода actionIndexи контроллера Geekbrains\Application1\Domain\Controllers\PageController [] []
[2024-08-21T12:28:16.637853+00:00] application_logger.ERROR: Потреблено 2.4878540039062Мбайт памяти для метода actionIndexи контроллера Geekbrains\Application1\Domain\Controllers\PageController [] []
[2024-08-21T12:28:38.738781+00:00] application_logger.ERROR: Потреблено 2.4580688476562Мбайт памяти для метода actionIndexи контроллера Geekbrains\Application1\Domain\Controllers\PageController [] []
[2024-08-21T12:29:01.875393+00:00] application_logger.ERROR: Потреблено 2.4580688476562Мбайт памяти для метода actionIndexи контроллера Geekbrains\Application1\Domain\Controllers\PageController [] []
[2024-08-21T12:33:13.154551+00:00] application_logger.ERROR: Потреблено 2.4580688476562Мбайт памяти для метода actionIndexи контроллера Geekbrains\Application1\Domain\Controllers\PageController [] []
[2024-08-21T12:33:34.869853+00:00] application_logger.ERROR: Потреблено 2.4580688476562Мбайт памяти для метода actionIndexи контроллера Geekbrains\Application1\Domain\Controllers\PageController [] []
[2024-08-21T12:36:24.259047+00:00] application_logger.ERROR: Потреблено 2.4580688476562Мбайт памяти для метода actionIndexи контроллера Geekbrains\Application1\Domain\Controllers\PageController [] []
[2024-08-21T12:37:07.215815+00:00] application_logger.ERROR: Потреблено 2.4580688476562Мбайт памяти для метода actionIndexи контроллера Geekbrains\Application1\Domain\Controllers\PageController [] []
[2024-08-21T12:37:35.861229+00:00] application_logger.ERROR: Потреблено 2.4536743164062Мбайт памяти для метода actionIndexи контроллера Geekbrains\Application1\Domain\Controllers\PageController [] []
[2024-08-21T12:37:41.019877+00:00] application_logger.ERROR: Потреблено 2.4580688476562Мбайт памяти для метода actionIndexи контроллера Geekbrains\Application1\Domain\Controllers\PageController [] []
[2024-08-21T12:38:32.976551+00:00] application_logger.ERROR: Потреблено 2.4580688476562Мбайт памяти для метода actionIndexи контроллера Geekbrains\Application1\Domain\Controllers\PageController [] []
[2024-08-21T12:39:17.884040+00:00] application_logger.ERROR: Потреблено 2.4536743164062Мбайт памяти для метода actionIndexи контроллера Geekbrains\Application1\Domain\Controllers\PageController [] []
[2024-08-21T12:39:20.549571+00:00] application_logger.ERROR: Потреблено 2.4536743164062Мбайт памяти для метода actionIndexи контроллера Geekbrains\Application1\Domain\Controllers\PageController [] []
[2024-08-21T12:39:23.073693+00:00] application_logger.ERROR: Потреблено 2.6332397460938Мбайт памяти для метода actionIndexи контроллера Geekbrains\Application1\Domain\Controllers\UserController [] []
[2024-08-21T12:39:24.474940+00:00] application_logger.ERROR: Потреблено 2.4536743164062Мбайт памяти для метода actionIndexи контроллера Geekbrains\Application1\Domain\Controllers\PageController [] []
[2024-08-21T12:39:36.420536+00:00] application_logger.ERROR: Потреблено 2.4580688476562Мбайт памяти для метода actionIndexи контроллера Geekbrains\Application1\Domain\Controllers\PageController [] []
[2024-08-21T12:45:23.863610+00:00] application_logger.ERROR: Потреблено 2.4580688476562Мбайт памяти для метода actionIndexи контроллера Geekbrains\Application1\Domain\Controllers\PageController [] []
[2024-08-21T12:45:42.456089+00:00] application_logger.ERROR: Потреблено 2.4580993652344Мбайт памяти для метода actionIndexи контроллера Geekbrains\Application1\Domain\Controllers\PageController [] []
[2024-08-21T12:46:04.029457+00:00] application_logger.ERROR: Потреблено 2.4580993652344Мбайт памяти для метода actionIndexи контроллера Geekbrains\Application1\Domain\Controllers\PageController [] []
[2024-08-21T12:48:35.444118+00:00] application_logger.ERROR: Потреблено 2.4580688476562Мбайт памяти для метода actionIndexи контроллера Geekbrains\Application1\Domain\Controllers\PageController [] []
[2024-08-21T12:55:18.833574+00:00] application_logger.ERROR: Потреблено 2.454475402832Мбайт памяти для метода actionIndexи контроллера Geekbrains\Application1\Domain\Controllers\PageController [] []
[2024-08-21T12:56:18.588050+00:00] application_logger.ERROR: Потреблено 2.4828643798828Мбайт памяти для метода actionIndexи контроллера Geekbrains\Application1\Domain\Controllers\PageController [] []
[2024-08-21T13:03:13.975817+00:00] application_logger.ERROR: Потреблено 2.5126495361328Мбайт памяти для метода actionIndexи контроллера Geekbrains\Application1\Domain\Controllers\PageController [] []
[2024-08-21T13:06:54.490763+00:00] application_logger.ERROR: Потреблено 2.4872589111328Мбайт памяти для метода actionIndexи контроллера Geekbrains\Application1\Domain\Controllers\PageController [] []
[2024-08-21T13:31:28.689889+00:00] application_logger.ERROR: Потреблено 2.4828643798828Мбайт памяти для метода actionIndexи контроллера Geekbrains\Application1\Domain\Controllers\PageController [] []
[2024-08-21T13:31:49.698597+00:00] application_logger.ERROR: Потреблено 2.4890518188477Мбайт памяти для метода actionIndexи контроллера Geekbrains\Application1\Domain\Controllers\PageController [] []
[2024-08-21T13:32:17.254987+00:00] application_logger.ERROR: Потреблено 2.4631423950195Мбайт памяти для метода actionIndexи контроллера Geekbrains\Application1\Domain\Controllers\PageController [] []
[2024-08-21T14:54:48.287481+00:00] application_logger.ERROR: Потреблено 2.4631423950195Мбайт памяти для метода actionIndexи контроллера Geekbrains\Application1\Domain\Controllers\PageController [] []
[2024-08-21T14:54:50.575014+00:00] application_logger.ERROR: Потреблено 2.4967041015625Мбайт памяти для метода actionIndexи контроллера Geekbrains\Application1\Domain\Controllers\PageController [] []
[2024-08-21T14:54:52.393216+00:00] application_logger.ERROR: Потреблено 2.5487442016602Мбайт памяти для метода actionAuthи контроллера Geekbrains\Application1\Domain\Controllers\UserController [] []
[2024-08-21T14:54:54.048942+00:00] application_logger.ERROR: Потреблено 0.64645385742188Мбайт памяти для метода actionLoginи контроллера Geekbrains\Application1\Domain\Controllers\UserController [] []
[2024-08-21T14:54:54.503359+00:00] application_logger.ERROR: Потреблено 2.4633636474609Мбайт памяти для метода actionIndexи контроллера Geekbrains\Application1\Domain\Controllers\PageController [] []
[2024-08-21T14:54:58.635654+00:00] application_logger.ERROR: Потреблено 2.4967041015625Мбайт памяти для метода actionIndexи контроллера Geekbrains\Application1\Domain\Controllers\PageController [] []
[2024-08-21T14:55:00.041046+00:00] application_logger.ERROR: Потреблено 2.5487442016602Мбайт памяти для метода actionAuthи контроллера Geekbrains\Application1\Domain\Controllers\UserController [] []
[2024-08-21T14:55:02.960420+00:00] application_logger.ERROR: Потреблено 2.5487823486328Мбайт памяти для метода actionLoginи контроллера Geekbrains\Application1\Domain\Controllers\UserController [] []
[2024-08-21T14:55:09.190044+00:00] application_logger.ERROR: Потреблено 2.5487823486328Мбайт памяти для метода actionLoginи контроллера Geekbrains\Application1\Domain\Controllers\UserController [] []
[2024-08-21T14:55:49.713741+00:00] application_logger.ERROR: Потреблено 0.64645385742188Мбайт памяти для метода actionLoginи контроллера Geekbrains\Application1\Domain\Controllers\UserController [] []
[2024-08-21T14:55:50.165966+00:00] application_logger.ERROR: Потреблено 2.4633941650391Мбайт памяти для метода actionIndexи контроллера Geekbrains\Application1\Domain\Controllers\PageController [] []
[2024-08-21T14:55:53.199599+00:00] application_logger.ERROR: Потреблено 2.591926574707Мбайт памяти для метода actionEditи контроллера Geekbrains\Application1\Domain\Controllers\UserController [] []
[2024-08-21T14:55:54.973058+00:00] application_logger.ERROR: Ошибка имени  name =  [] []
[2024-08-21T14:55:54.992992+00:00] application_logger.ERROR: Потреблено 0.83137512207031Мбайт памяти для метода actionSaveи контроллера Geekbrains\Application1\Domain\Controllers\UserController [] []
[2024-08-21T14:56:09.876513+00:00] application_logger.ERROR: Потреблено 2.5919570922852Мбайт памяти для метода actionEditи контроллера Geekbrains\Application1\Domain\Controllers\UserController [] []
[2024-08-21T14:56:14.357125+00:00] application_logger.ERROR: Ошибка имени  name =  [] []
[2024-08-21T14:56:14.377514+00:00] application_logger.ERROR: Потреблено 0.83137512207031Мбайт памяти для метода actionSaveи контроллера Geekbrains\Application1\Domain\Controllers\UserController [] []
[2024-08-21T14:56:27.482837+00:00] application_logger.ERROR: Потреблено 2.5919570922852Мбайт памяти для метода actionEditи контроллера Geekbrains\Application1\Domain\Controllers\UserController [] []
[2024-08-21T14:57:10.170728+00:00] application_logger.ERROR: Ошибка имени  name =  [] []
[2024-08-21T14:57:10.202233+00:00] application_logger.ERROR: Ошибка фамилии  lastname =  [] []
[2024-08-21T14:57:10.202391+00:00] application_logger.ERROR: Ошибка даты  birthday = 21-08-2024 [] []
[2024-08-21T14:57:10.202571+00:00] application_logger.ERROR: Потреблено 0.83137512207031Мбайт памяти для метода actionSaveи контроллера Geekbrains\Application1\Domain\Controllers\UserController [] []
[2024-08-21T14:58:27.610093+00:00] application_logger.ERROR: Потреблено 2.5919570922852Мбайт памяти для метода actionEditи контроллера Geekbrains\Application1\Domain\Controllers\UserController [] []
[2024-08-21T14:58:46.947521+00:00] application_logger.ERROR: Дата рождения указана не корректно [] []
[2024-08-21T14:58:46.967398+00:00] application_logger.ERROR: Потреблено 0.83137512207031Мбайт памяти для метода actionSaveи контроллера Geekbrains\Application1\Domain\Controllers\UserController [] []
[2024-08-21T14:58:59.009618+00:00] application_logger.ERROR: Потреблено 2.5919570922852Мбайт памяти для метода actionEditи контроллера Geekbrains\Application1\Domain\Controllers\UserController [] []
[2024-08-21T14:59:04.450054+00:00] application_logger.ERROR: Потреблено 0.65475463867188Мбайт памяти для метода actionSaveи контроллера Geekbrains\Application1\Domain\Controllers\UserController [] []
[2024-08-21T14:59:11.570208+00:00] application_logger.ERROR: Потреблено 2.5919570922852Мбайт памяти для метода actionEditи контроллера Geekbrains\Application1\Domain\Controllers\UserController [] []
[2024-08-21T14:59:13.316167+00:00] application_logger.ERROR: Потреблено 0.65475463867188Мбайт памяти для метода actionSaveи контроллера Geekbrains\Application1\Domain\Controllers\UserController [] []
[2024-08-21T15:00:01.404734+00:00] application_logger.ERROR: Потреблено 2.5919570922852Мбайт памяти для метода actionEditи контроллера Geekbrains\Application1\Domain\Controllers\UserController [] []
[2024-08-21T15:00:03.182353+00:00] application_logger.ERROR: Ошибка фамилии  lastname =  [] []
[2024-08-21T15:00:03.201737+00:00] application_logger.ERROR: Потреблено 0.83137512207031Мбайт памяти для метода actionSaveи контроллера Geekbrains\Application1\Domain\Controllers\UserController [] []
[2024-08-21T15:00:24.487389+00:00] application_logger.ERROR: Потреблено 2.5919570922852Мбайт памяти для метода actionEditи контроллера Geekbrains\Application1\Domain\Controllers\UserController [] []
[2024-08-21T15:01:35.329532+00:00] application_logger.ERROR: Попытка ввести скрипт или тэг, lastname = 1 name = <alert>,tlf</alert> [] []
[2024-08-21T15:01:35.361136+00:00] application_logger.ERROR: Потреблено 0.83137512207031Мбайт памяти для метода actionSaveи контроллера Geekbrains\Application1\Domain\Controllers\UserController [] []
[2024-08-21T15:01:56.495436+00:00] application_logger.ERROR: Потреблено 2.5919570922852Мбайт памяти для метода actionEditи контроллера Geekbrains\Application1\Domain\Controllers\UserController [] []
[2024-08-21T15:04:04.767387+00:00] application_logger.ERROR: Дата рождения указана не корректно11-11-11 [] []
[2024-08-21T15:04:04.798863+00:00] application_logger.ERROR: Потреблено 0.83137512207031Мбайт памяти для метода actionSaveи контроллера Geekbrains\Application1\Domain\Controllers\UserController [] []
[2024-08-21T15:04:50.287593+00:00] application_logger.ERROR: Потреблено 2.5919570922852Мбайт памяти для метода actionEditи контроллера Geekbrains\Application1\Domain\Controllers\UserController [] []
